Analysis & Synthesis report for ULA
Thu Jun 20 19:44:31 2024
Quartus II 64-Bit Version 13.1.0 Build 162 10/23/2013 SJ Web Edition


---------------------
; Table of Contents ;
---------------------
  1. Legal Notice
  2. Analysis & Synthesis Summary
  3. Analysis & Synthesis Settings
  4. Parallel Compilation
  5. Analysis & Synthesis Source Files Read
  6. Analysis & Synthesis Resource Usage Summary
  7. Analysis & Synthesis Resource Utilization by Entity
  8. User-Specified and Inferred Latches
  9. General Register Statistics
 10. Parameter Settings for User Entity Instance: somadornbits:somador
 11. Parameter Settings for User Entity Instance: subtratornbits:subtrator
 12. Port Connectivity Checks: "somadornbits:somador|Somador1bit:\scs:31:sc_internal:sc"
 13. Port Connectivity Checks: "somadornbits:somador"
 14. Elapsed Time Per Partition
 15. Analysis & Synthesis Messages



----------------
; Legal Notice ;
----------------
Copyright (C) 1991-2013 Altera Corporation
Your use of Altera Corporation's design tools, logic functions 
and other software and tools, and its AMPP partner logic 
functions, and any output files from any of the foregoing 
(including device programming or simulation files), and any 
associated documentation or information are expressly subject 
to the terms and conditions of the Altera Program License 
Subscription Agreement, Altera MegaCore Function License 
Agreement, or other applicable license agreement, including, 
without limitation, that your use is for the sole purpose of 
programming logic devices manufactured by Altera and sold by 
Altera or its authorized distributors.  Please refer to the 
applicable agreement for further details.



+---------------------------------------------------------------------------------+
; Analysis & Synthesis Summary                                                    ;
+------------------------------------+--------------------------------------------+
; Analysis & Synthesis Status        ; Successful - Thu Jun 20 19:44:31 2024      ;
; Quartus II 64-Bit Version          ; 13.1.0 Build 162 10/23/2013 SJ Web Edition ;
; Revision Name                      ; ULA                                        ;
; Top-level Entity Name              ; ULA                                        ;
; Family                             ; Cyclone III                                ;
; Total logic elements               ; 204                                        ;
;     Total combinational functions  ; 204                                        ;
;     Dedicated logic registers      ; 0                                          ;
; Total registers                    ; 0                                          ;
; Total pins                         ; 138                                        ;
; Total virtual pins                 ; 0                                          ;
; Total memory bits                  ; 0                                          ;
; Embedded Multiplier 9-bit elements ; 0                                          ;
; Total PLLs                         ; 0                                          ;
+------------------------------------+--------------------------------------------+


+----------------------------------------------------------------------------------------------------------------------+
; Analysis & Synthesis Settings                                                                                        ;
+----------------------------------------------------------------------------+--------------------+--------------------+
; Option                                                                     ; Setting            ; Default Value      ;
+----------------------------------------------------------------------------+--------------------+--------------------+
; Device                                                                     ; EP3C5F256C6        ;                    ;
; Top-level entity name                                                      ; ULA                ; ULA                ;
; Family name                                                                ; Cyclone III        ; Cyclone IV GX      ;
; Use smart compilation                                                      ; Off                ; Off                ;
; Enable parallel Assembler and TimeQuest Timing Analyzer during compilation ; On                 ; On                 ;
; Enable compact report table                                                ; Off                ; Off                ;
; Restructure Multiplexers                                                   ; Auto               ; Auto               ;
; Create Debugging Nodes for IP Cores                                        ; Off                ; Off                ;
; Preserve fewer node names                                                  ; On                 ; On                 ;
; Disable OpenCore Plus hardware evaluation                                  ; Off                ; Off                ;
; Verilog Version                                                            ; Verilog_2001       ; Verilog_2001       ;
; VHDL Version                                                               ; VHDL_1993          ; VHDL_1993          ;
; State Machine Processing                                                   ; Auto               ; Auto               ;
; Safe State Machine                                                         ; Off                ; Off                ;
; Extract Verilog State Machines                                             ; On                 ; On                 ;
; Extract VHDL State Machines                                                ; On                 ; On                 ;
; Ignore Verilog initial constructs                                          ; Off                ; Off                ;
; Iteration limit for constant Verilog loops                                 ; 5000               ; 5000               ;
; Iteration limit for non-constant Verilog loops                             ; 250                ; 250                ;
; Add Pass-Through Logic to Inferred RAMs                                    ; On                 ; On                 ;
; Infer RAMs from Raw Logic                                                  ; On                 ; On                 ;
; Parallel Synthesis                                                         ; On                 ; On                 ;
; DSP Block Balancing                                                        ; Auto               ; Auto               ;
; NOT Gate Push-Back                                                         ; On                 ; On                 ;
; Power-Up Don't Care                                                        ; On                 ; On                 ;
; Remove Redundant Logic Cells                                               ; Off                ; Off                ;
; Remove Duplicate Registers                                                 ; On                 ; On                 ;
; Ignore CARRY Buffers                                                       ; Off                ; Off                ;
; Ignore CASCADE Buffers                                                     ; Off                ; Off                ;
; Ignore GLOBAL Buffers                                                      ; Off                ; Off                ;
; Ignore ROW GLOBAL Buffers                                                  ; Off                ; Off                ;
; Ignore LCELL Buffers                                                       ; Off                ; Off                ;
; Ignore SOFT Buffers                                                        ; On                 ; On                 ;
; Limit AHDL Integers to 32 Bits                                             ; Off                ; Off                ;
; Optimization Technique                                                     ; Balanced           ; Balanced           ;
; Carry Chain Length                                                         ; 70                 ; 70                 ;
; Auto Carry Chains                                                          ; On                 ; On                 ;
; Auto Open-Drain Pins                                                       ; On                 ; On                 ;
; Perform WYSIWYG Primitive Resynthesis                                      ; Off                ; Off                ;
; Auto ROM Replacement                                                       ; On                 ; On                 ;
; Auto RAM Replacement                                                       ; On                 ; On                 ;
; Auto DSP Block Replacement                                                 ; On                 ; On                 ;
; Auto Shift Register Replacement                                            ; Auto               ; Auto               ;
; Allow Shift Register Merging across Hierarchies                            ; Auto               ; Auto               ;
; Auto Clock Enable Replacement                                              ; On                 ; On                 ;
; Strict RAM Replacement                                                     ; Off                ; Off                ;
; Allow Synchronous Control Signals                                          ; On                 ; On                 ;
; Force Use of Synchronous Clear Signals                                     ; Off                ; Off                ;
; Auto RAM Block Balancing                                                   ; On                 ; On                 ;
; Auto RAM to Logic Cell Conversion                                          ; Off                ; Off                ;
; Auto Resource Sharing                                                      ; Off                ; Off                ;
; Allow Any RAM Size For Recognition                                         ; Off                ; Off                ;
; Allow Any ROM Size For Recognition                                         ; Off                ; Off                ;
; Allow Any Shift Register Size For Recognition                              ; Off                ; Off                ;
; Use LogicLock Constraints during Resource Balancing                        ; On                 ; On                 ;
; Ignore translate_off and synthesis_off directives                          ; Off                ; Off                ;
; Timing-Driven Synthesis                                                    ; On                 ; On                 ;
; Report Parameter Settings                                                  ; On                 ; On                 ;
; Report Source Assignments                                                  ; On                 ; On                 ;
; Report Connectivity Checks                                                 ; On                 ; On                 ;
; Ignore Maximum Fan-Out Assignments                                         ; Off                ; Off                ;
; Synchronization Register Chain Length                                      ; 2                  ; 2                  ;
; PowerPlay Power Optimization                                               ; Normal compilation ; Normal compilation ;
; HDL message level                                                          ; Level2             ; Level2             ;
; Suppress Register Optimization Related Messages                            ; Off                ; Off                ;
; Number of Removed Registers Reported in Synthesis Report                   ; 5000               ; 5000               ;
; Number of Swept Nodes Reported in Synthesis Report                         ; 5000               ; 5000               ;
; Number of Inverted Registers Reported in Synthesis Report                  ; 100                ; 100                ;
; Clock MUX Protection                                                       ; On                 ; On                 ;
; Auto Gated Clock Conversion                                                ; Off                ; Off                ;
; Block Design Naming                                                        ; Auto               ; Auto               ;
; SDC constraint protection                                                  ; Off                ; Off                ;
; Synthesis Effort                                                           ; Auto               ; Auto               ;
; Shift Register Replacement - Allow Asynchronous Clear Signal               ; On                 ; On                 ;
; Pre-Mapping Resynthesis Optimization                                       ; Off                ; Off                ;
; Analysis & Synthesis Message Level                                         ; Medium             ; Medium             ;
; Disable Register Merging Across Hierarchies                                ; Auto               ; Auto               ;
; Resource Aware Inference For Block RAM                                     ; On                 ; On                 ;
; Synthesis Seed                                                             ; 1                  ; 1                  ;
+----------------------------------------------------------------------------+--------------------+--------------------+


Parallel compilation was disabled, but you have multiple processors available. Enable parallel compilation to reduce compilation time.
+-------------------------------------+
; Parallel Compilation                ;
+----------------------------+--------+
; Processors                 ; Number ;
+----------------------------+--------+
; Number detected on machine ; 8      ;
; Maximum allowed            ; 1      ;
+----------------------------+--------+


+-----------------------------------------------------------------------------------------------------------------------------------------------------------------------------------------+
; Analysis & Synthesis Source Files Read                                                                                                                                                  ;
+----------------------------------+-----------------+-----------------------+--------------------------------------------------------------------------------------------------+---------+
; File Name with User-Entered Path ; Used in Netlist ; File Type             ; File Name with Absolute Path                                                                     ; Library ;
+----------------------------------+-----------------+-----------------------+--------------------------------------------------------------------------------------------------+---------+
; ULA.vhd                          ; yes             ; User VHDL File        ; C:/Users/lucas/Documents/Sistemas Digitais/GIT/Projeto final/projeto-final-sd/ULA.vhd            ;         ;
; somadornbits.vhd                 ; yes             ; User VHDL File        ; C:/Users/lucas/Documents/Sistemas Digitais/GIT/Projeto final/projeto-final-sd/somadornbits.vhd   ;         ;
; porta_and.vhd                    ; yes             ; User VHDL File        ; C:/Users/lucas/Documents/Sistemas Digitais/GIT/Projeto final/projeto-final-sd/porta_and.vhd      ;         ;
; porta_or.vhd                     ; yes             ; User VHDL File        ; C:/Users/lucas/Documents/Sistemas Digitais/GIT/Projeto final/projeto-final-sd/porta_or.vhd       ;         ;
; somador1bit.vhd                  ; yes             ; Auto-Found VHDL File  ; C:/Users/lucas/Documents/Sistemas Digitais/GIT/Projeto final/projeto-final-sd/somador1bit.vhd    ;         ;
; subtratornbits.vhd               ; yes             ; Auto-Found VHDL File  ; C:/Users/lucas/Documents/Sistemas Digitais/GIT/Projeto final/projeto-final-sd/subtratornbits.vhd ;         ;
+----------------------------------+-----------------+-----------------------+--------------------------------------------------------------------------------------------------+---------+


+--------------------------------------------------------+
; Analysis & Synthesis Resource Usage Summary            ;
+---------------------------------------------+----------+
; Resource                                    ; Usage    ;
+---------------------------------------------+----------+
; Estimated Total logic elements              ; 204      ;
;                                             ;          ;
; Total combinational functions               ; 204      ;
; Logic element usage by number of LUT inputs ;          ;
;     -- 4 input functions                    ; 10       ;
;     -- 3 input functions                    ; 183      ;
;     -- <=2 input functions                  ; 11       ;
;                                             ;          ;
; Logic elements by mode                      ;          ;
;     -- normal mode                          ; 142      ;
;     -- arithmetic mode                      ; 62       ;
;                                             ;          ;
; Total registers                             ; 0        ;
;     -- Dedicated logic registers            ; 0        ;
;     -- I/O registers                        ; 0        ;
;                                             ;          ;
; I/O pins                                    ; 138      ;
; Embedded Multiplier 9-bit elements          ; 0        ;
; Maximum fan-out node                        ; Equal0~0 ;
; Maximum fan-out                             ; 32       ;
; Total fan-out                               ; 816      ;
; Average fan-out                             ; 1.70     ;
+---------------------------------------------+----------+


+--------------------------------------------------------------------------------------------------------------------------------------------------------------------------------------------------------------------------------------+
; Analysis & Synthesis Resource Utilization by Entity                                                                                                                                                                                  ;
+--------------------------------------------+-------------------+--------------+-------------+--------------+---------+-----------+------+--------------+--------------------------------------------------------------+--------------+
; Compilation Hierarchy Node                 ; LC Combinationals ; LC Registers ; Memory Bits ; DSP Elements ; DSP 9x9 ; DSP 18x18 ; Pins ; Virtual Pins ; Full Hierarchy Name                                          ; Library Name ;
+--------------------------------------------+-------------------+--------------+-------------+--------------+---------+-----------+------+--------------+--------------------------------------------------------------+--------------+
; |ULA                                       ; 204 (104)         ; 0 (0)        ; 0           ; 0            ; 0       ; 0         ; 138  ; 0            ; |ULA                                                         ; work         ;
;    |porta_and:porta_andi|                  ; 1 (1)             ; 0 (0)        ; 0           ; 0            ; 0       ; 0         ; 0    ; 0            ; |ULA|porta_and:porta_andi                                    ; work         ;
;    |porta_or:porta_ori|                    ; 1 (1)             ; 0 (0)        ; 0           ; 0            ; 0       ; 0         ; 0    ; 0            ; |ULA|porta_or:porta_ori                                      ; work         ;
;    |somadornbits:somador|                  ; 66 (0)            ; 0 (0)        ; 0           ; 0            ; 0       ; 0         ; 0    ; 0            ; |ULA|somadornbits:somador                                    ; work         ;
;       |somador1bit:\scs:0:sc_internal:sc|  ; 1 (1)             ; 0 (0)        ; 0           ; 0            ; 0       ; 0         ; 0    ; 0            ; |ULA|somadornbits:somador|somador1bit:\scs:0:sc_internal:sc  ; work         ;
;       |somador1bit:\scs:10:sc_internal:sc| ; 2 (2)             ; 0 (0)        ; 0           ; 0            ; 0       ; 0         ; 0    ; 0            ; |ULA|somadornbits:somador|somador1bit:\scs:10:sc_internal:sc ; work         ;
;       |somador1bit:\scs:11:sc_internal:sc| ; 2 (2)             ; 0 (0)        ; 0           ; 0            ; 0       ; 0         ; 0    ; 0            ; |ULA|somadornbits:somador|somador1bit:\scs:11:sc_internal:sc ; work         ;
;       |somador1bit:\scs:12:sc_internal:sc| ; 2 (2)             ; 0 (0)        ; 0           ; 0            ; 0       ; 0         ; 0    ; 0            ; |ULA|somadornbits:somador|somador1bit:\scs:12:sc_internal:sc ; work         ;
;       |somador1bit:\scs:13:sc_internal:sc| ; 2 (2)             ; 0 (0)        ; 0           ; 0            ; 0       ; 0         ; 0    ; 0            ; |ULA|somadornbits:somador|somador1bit:\scs:13:sc_internal:sc ; work         ;
;       |somador1bit:\scs:14:sc_internal:sc| ; 1 (1)             ; 0 (0)        ; 0           ; 0            ; 0       ; 0         ; 0    ; 0            ; |ULA|somadornbits:somador|somador1bit:\scs:14:sc_internal:sc ; work         ;
;       |somador1bit:\scs:15:sc_internal:sc| ; 5 (5)             ; 0 (0)        ; 0           ; 0            ; 0       ; 0         ; 0    ; 0            ; |ULA|somadornbits:somador|somador1bit:\scs:15:sc_internal:sc ; work         ;
;       |somador1bit:\scs:16:sc_internal:sc| ; 2 (2)             ; 0 (0)        ; 0           ; 0            ; 0       ; 0         ; 0    ; 0            ; |ULA|somadornbits:somador|somador1bit:\scs:16:sc_internal:sc ; work         ;
;       |somador1bit:\scs:17:sc_internal:sc| ; 2 (2)             ; 0 (0)        ; 0           ; 0            ; 0       ; 0         ; 0    ; 0            ; |ULA|somadornbits:somador|somador1bit:\scs:17:sc_internal:sc ; work         ;
;       |somador1bit:\scs:18:sc_internal:sc| ; 2 (2)             ; 0 (0)        ; 0           ; 0            ; 0       ; 0         ; 0    ; 0            ; |ULA|somadornbits:somador|somador1bit:\scs:18:sc_internal:sc ; work         ;
;       |somador1bit:\scs:19:sc_internal:sc| ; 2 (2)             ; 0 (0)        ; 0           ; 0            ; 0       ; 0         ; 0    ; 0            ; |ULA|somadornbits:somador|somador1bit:\scs:19:sc_internal:sc ; work         ;
;       |somador1bit:\scs:1:sc_internal:sc|  ; 2 (2)             ; 0 (0)        ; 0           ; 0            ; 0       ; 0         ; 0    ; 0            ; |ULA|somadornbits:somador|somador1bit:\scs:1:sc_internal:sc  ; work         ;
;       |somador1bit:\scs:20:sc_internal:sc| ; 2 (2)             ; 0 (0)        ; 0           ; 0            ; 0       ; 0         ; 0    ; 0            ; |ULA|somadornbits:somador|somador1bit:\scs:20:sc_internal:sc ; work         ;
;       |somador1bit:\scs:21:sc_internal:sc| ; 2 (2)             ; 0 (0)        ; 0           ; 0            ; 0       ; 0         ; 0    ; 0            ; |ULA|somadornbits:somador|somador1bit:\scs:21:sc_internal:sc ; work         ;
;       |somador1bit:\scs:22:sc_internal:sc| ; 2 (2)             ; 0 (0)        ; 0           ; 0            ; 0       ; 0         ; 0    ; 0            ; |ULA|somadornbits:somador|somador1bit:\scs:22:sc_internal:sc ; work         ;
;       |somador1bit:\scs:23:sc_internal:sc| ; 2 (2)             ; 0 (0)        ; 0           ; 0            ; 0       ; 0         ; 0    ; 0            ; |ULA|somadornbits:somador|somador1bit:\scs:23:sc_internal:sc ; work         ;
;       |somador1bit:\scs:24:sc_internal:sc| ; 2 (2)             ; 0 (0)        ; 0           ; 0            ; 0       ; 0         ; 0    ; 0            ; |ULA|somadornbits:somador|somador1bit:\scs:24:sc_internal:sc ; work         ;
;       |somador1bit:\scs:25:sc_internal:sc| ; 2 (2)             ; 0 (0)        ; 0           ; 0            ; 0       ; 0         ; 0    ; 0            ; |ULA|somadornbits:somador|somador1bit:\scs:25:sc_internal:sc ; work         ;
;       |somador1bit:\scs:26:sc_internal:sc| ; 2 (2)             ; 0 (0)        ; 0           ; 0            ; 0       ; 0         ; 0    ; 0            ; |ULA|somadornbits:somador|somador1bit:\scs:26:sc_internal:sc ; work         ;
;       |somador1bit:\scs:27:sc_internal:sc| ; 2 (2)             ; 0 (0)        ; 0           ; 0            ; 0       ; 0         ; 0    ; 0            ; |ULA|somadornbits:somador|somador1bit:\scs:27:sc_internal:sc ; work         ;
;       |somador1bit:\scs:28:sc_internal:sc| ; 2 (2)             ; 0 (0)        ; 0           ; 0            ; 0       ; 0         ; 0    ; 0            ; |ULA|somadornbits:somador|somador1bit:\scs:28:sc_internal:sc ; work         ;
;       |somador1bit:\scs:29:sc_internal:sc| ; 2 (2)             ; 0 (0)        ; 0           ; 0            ; 0       ; 0         ; 0    ; 0            ; |ULA|somadornbits:somador|somador1bit:\scs:29:sc_internal:sc ; work         ;
;       |somador1bit:\scs:2:sc_internal:sc|  ; 2 (2)             ; 0 (0)        ; 0           ; 0            ; 0       ; 0         ; 0    ; 0            ; |ULA|somadornbits:somador|somador1bit:\scs:2:sc_internal:sc  ; work         ;
;       |somador1bit:\scs:30:sc_internal:sc| ; 1 (1)             ; 0 (0)        ; 0           ; 0            ; 0       ; 0         ; 0    ; 0            ; |ULA|somadornbits:somador|somador1bit:\scs:30:sc_internal:sc ; work         ;
;       |somador1bit:\scs:31:sc_internal:sc| ; 2 (2)             ; 0 (0)        ; 0           ; 0            ; 0       ; 0         ; 0    ; 0            ; |ULA|somadornbits:somador|somador1bit:\scs:31:sc_internal:sc ; work         ;
;       |somador1bit:\scs:3:sc_internal:sc|  ; 4 (4)             ; 0 (0)        ; 0           ; 0            ; 0       ; 0         ; 0    ; 0            ; |ULA|somadornbits:somador|somador1bit:\scs:3:sc_internal:sc  ; work         ;
;       |somador1bit:\scs:4:sc_internal:sc|  ; 2 (2)             ; 0 (0)        ; 0           ; 0            ; 0       ; 0         ; 0    ; 0            ; |ULA|somadornbits:somador|somador1bit:\scs:4:sc_internal:sc  ; work         ;
;       |somador1bit:\scs:5:sc_internal:sc|  ; 2 (2)             ; 0 (0)        ; 0           ; 0            ; 0       ; 0         ; 0    ; 0            ; |ULA|somadornbits:somador|somador1bit:\scs:5:sc_internal:sc  ; work         ;
;       |somador1bit:\scs:6:sc_internal:sc|  ; 2 (2)             ; 0 (0)        ; 0           ; 0            ; 0       ; 0         ; 0    ; 0            ; |ULA|somadornbits:somador|somador1bit:\scs:6:sc_internal:sc  ; work         ;
;       |somador1bit:\scs:7:sc_internal:sc|  ; 2 (2)             ; 0 (0)        ; 0           ; 0            ; 0       ; 0         ; 0    ; 0            ; |ULA|somadornbits:somador|somador1bit:\scs:7:sc_internal:sc  ; work         ;
;       |somador1bit:\scs:8:sc_internal:sc|  ; 2 (2)             ; 0 (0)        ; 0           ; 0            ; 0       ; 0         ; 0    ; 0            ; |ULA|somadornbits:somador|somador1bit:\scs:8:sc_internal:sc  ; work         ;
;       |somador1bit:\scs:9:sc_internal:sc|  ; 2 (2)             ; 0 (0)        ; 0           ; 0            ; 0       ; 0         ; 0    ; 0            ; |ULA|somadornbits:somador|somador1bit:\scs:9:sc_internal:sc  ; work         ;
;    |subtratornbits:subtrator|              ; 32 (32)           ; 0 (0)        ; 0           ; 0            ; 0       ; 0         ; 0    ; 0            ; |ULA|subtratornbits:subtrator                                ; work         ;
+--------------------------------------------+-------------------+--------------+-------------+--------------+---------+-----------+------+--------------+--------------------------------------------------------------+--------------+
Note: For table entries with two numbers listed, the numbers in parentheses indicate the number of resources of the given type used by the specific entity alone. The numbers listed outside of parentheses indicate the total resources of the given type used by the specific entity and all of its sub-entities in the hierarchy.


+----------------------------------------------------------------------------------------------------+
; User-Specified and Inferred Latches                                                                ;
+-----------------------------------------------------+---------------------+------------------------+
; Latch Name                                          ; Latch Enable Signal ; Free of Timing Hazards ;
+-----------------------------------------------------+---------------------+------------------------+
; saida_som[0]$latch                                  ; Equal0              ; yes                    ;
; saida_som[1]$latch                                  ; Equal0              ; yes                    ;
; saida_som[2]$latch                                  ; Equal0              ; yes                    ;
; saida_som[3]$latch                                  ; Equal0              ; yes                    ;
; saida_som[4]$latch                                  ; Equal0              ; yes                    ;
; saida_som[5]$latch                                  ; Equal0              ; yes                    ;
; saida_som[6]$latch                                  ; Equal0              ; yes                    ;
; saida_som[7]$latch                                  ; Equal0              ; yes                    ;
; saida_som[8]$latch                                  ; Equal0              ; yes                    ;
; saida_som[9]$latch                                  ; Equal0              ; yes                    ;
; saida_som[10]$latch                                 ; Equal0              ; yes                    ;
; saida_som[11]$latch                                 ; Equal0              ; yes                    ;
; saida_som[12]$latch                                 ; Equal0              ; yes                    ;
; saida_som[13]$latch                                 ; Equal0              ; yes                    ;
; saida_som[14]$latch                                 ; Equal0              ; yes                    ;
; saida_som[15]$latch                                 ; Equal0              ; yes                    ;
; saida_som[16]$latch                                 ; Equal0              ; yes                    ;
; saida_som[17]$latch                                 ; Equal0              ; yes                    ;
; saida_som[18]$latch                                 ; Equal0              ; yes                    ;
; saida_som[19]$latch                                 ; Equal0              ; yes                    ;
; saida_som[20]$latch                                 ; Equal0              ; yes                    ;
; saida_som[21]$latch                                 ; Equal0              ; yes                    ;
; saida_som[22]$latch                                 ; Equal0              ; yes                    ;
; saida_som[23]$latch                                 ; Equal0              ; yes                    ;
; saida_som[24]$latch                                 ; Equal0              ; yes                    ;
; saida_som[25]$latch                                 ; Equal0              ; yes                    ;
; saida_som[26]$latch                                 ; Equal0              ; yes                    ;
; saida_som[27]$latch                                 ; Equal0              ; yes                    ;
; saida_som[28]$latch                                 ; Equal0              ; yes                    ;
; saida_som[29]$latch                                 ; Equal0              ; yes                    ;
; saida_som[30]$latch                                 ; Equal0              ; yes                    ;
; saida_som[31]$latch                                 ; Equal0              ; yes                    ;
; saida_sub[0]$latch                                  ; Equal0              ; yes                    ;
; saida_sub[1]$latch                                  ; Equal0              ; yes                    ;
; saida_sub[2]$latch                                  ; Equal0              ; yes                    ;
; saida_sub[3]$latch                                  ; Equal0              ; yes                    ;
; saida_sub[4]$latch                                  ; Equal0              ; yes                    ;
; saida_sub[5]$latch                                  ; Equal0              ; yes                    ;
; saida_sub[6]$latch                                  ; Equal0              ; yes                    ;
; saida_sub[7]$latch                                  ; Equal0              ; yes                    ;
; saida_sub[8]$latch                                  ; Equal0              ; yes                    ;
; saida_sub[9]$latch                                  ; Equal0              ; yes                    ;
; saida_sub[10]$latch                                 ; Equal0              ; yes                    ;
; saida_sub[11]$latch                                 ; Equal0              ; yes                    ;
; saida_sub[12]$latch                                 ; Equal0              ; yes                    ;
; saida_sub[13]$latch                                 ; Equal0              ; yes                    ;
; saida_sub[14]$latch                                 ; Equal0              ; yes                    ;
; saida_sub[15]$latch                                 ; Equal0              ; yes                    ;
; saida_sub[16]$latch                                 ; Equal0              ; yes                    ;
; saida_sub[17]$latch                                 ; Equal0              ; yes                    ;
; saida_sub[18]$latch                                 ; Equal0              ; yes                    ;
; saida_sub[19]$latch                                 ; Equal0              ; yes                    ;
; saida_sub[20]$latch                                 ; Equal0              ; yes                    ;
; saida_sub[21]$latch                                 ; Equal0              ; yes                    ;
; saida_sub[22]$latch                                 ; Equal0              ; yes                    ;
; saida_sub[23]$latch                                 ; Equal0              ; yes                    ;
; saida_sub[24]$latch                                 ; Equal0              ; yes                    ;
; saida_sub[25]$latch                                 ; Equal0              ; yes                    ;
; saida_sub[26]$latch                                 ; Equal0              ; yes                    ;
; saida_sub[27]$latch                                 ; Equal0              ; yes                    ;
; saida_sub[28]$latch                                 ; Equal0              ; yes                    ;
; saida_sub[29]$latch                                 ; Equal0              ; yes                    ;
; saida_sub[30]$latch                                 ; Equal0              ; yes                    ;
; saida_sub[31]$latch                                 ; Equal0              ; yes                    ;
; saida_and$latch                                     ; Equal0              ; yes                    ;
; saida_or$latch                                      ; Equal0              ; yes                    ;
; saida_solt$latch                                    ; Equal0              ; yes                    ;
; Number of user-specified and inferred latches = 67  ;                     ;                        ;
+-----------------------------------------------------+---------------------+------------------------+
Note: All latches listed above may not be present at the end of synthesis due to various synthesis optimizations.


+------------------------------------------------------+
; General Register Statistics                          ;
+----------------------------------------------+-------+
; Statistic                                    ; Value ;
+----------------------------------------------+-------+
; Total registers                              ; 0     ;
; Number of registers using Synchronous Clear  ; 0     ;
; Number of registers using Synchronous Load   ; 0     ;
; Number of registers using Asynchronous Clear ; 0     ;
; Number of registers using Asynchronous Load  ; 0     ;
; Number of registers using Clock Enable       ; 0     ;
; Number of registers using Preset             ; 0     ;
+----------------------------------------------+-------+


+-------------------------------------------------------------------+
; Parameter Settings for User Entity Instance: somadornbits:somador ;
+----------------+-------+------------------------------------------+
; Parameter Name ; Value ; Type                                     ;
+----------------+-------+------------------------------------------+
; n              ; 32    ; Signed Integer                           ;
+----------------+-------+------------------------------------------+
Note: In order to hide this table in the UI and the text report file, please set the "Show Parameter Settings in Synthesis Report" option in "Analysis and Synthesis Settings -> More Settings" to "Off".


+-----------------------------------------------------------------------+
; Parameter Settings for User Entity Instance: subtratornbits:subtrator ;
+----------------+-------+----------------------------------------------+
; Parameter Name ; Value ; Type                                         ;
+----------------+-------+----------------------------------------------+
; n              ; 32    ; Signed Integer                               ;
+----------------+-------+----------------------------------------------+
Note: In order to hide this table in the UI and the text report file, please set the "Show Parameter Settings in Synthesis Report" option in "Analysis and Synthesis Settings -> More Settings" to "Off".


+----------------------------------------------------------------------------------------------------------------+
; Port Connectivity Checks: "somadornbits:somador|Somador1bit:\scs:31:sc_internal:sc"                            ;
+------+--------+----------+-------------------------------------------------------------------------------------+
; Port ; Type   ; Severity ; Details                                                                             ;
+------+--------+----------+-------------------------------------------------------------------------------------+
; cout ; Output ; Info     ; Connected to dangling logic. Logic that only feeds a dangling port will be removed. ;
+------+--------+----------+-------------------------------------------------------------------------------------+


+--------------------------------------------------+
; Port Connectivity Checks: "somadornbits:somador" ;
+------+-------+----------+------------------------+
; Port ; Type  ; Severity ; Details                ;
+------+-------+----------+------------------------+
; cin  ; Input ; Info     ; Stuck at GND           ;
+------+-------+----------+------------------------+


+-------------------------------+
; Elapsed Time Per Partition    ;
+----------------+--------------+
; Partition Name ; Elapsed Time ;
+----------------+--------------+
; Top            ; 00:00:00     ;
+----------------+--------------+


+-------------------------------+
; Analysis & Synthesis Messages ;
+-------------------------------+
Info: *******************************************************************
Info: Running Quartus II 64-Bit Analysis & Synthesis
    Info: Version 13.1.0 Build 162 10/23/2013 SJ Web Edition
    Info: Processing started: Thu Jun 20 19:44:29 2024
Info: Command: quartus_map --read_settings_files=on --write_settings_files=off ULA -c ULA
Warning (20028): Parallel compilation is not licensed and has been disabled
Info (12021): Found 2 design units, including 1 entities, in source file ula.vhd
    Info (12022): Found design unit 1: ULA-arc
    Info (12023): Found entity 1: ULA
Info (12021): Found 2 design units, including 1 entities, in source file somadornbits.vhd
    Info (12022): Found design unit 1: somadornbits-comportamento
    Info (12023): Found entity 1: somadornbits
Info (12021): Found 2 design units, including 1 entities, in source file porta_and.vhd
    Info (12022): Found design unit 1: porta_and-andi
    Info (12023): Found entity 1: porta_and
Info (12021): Found 2 design units, including 1 entities, in source file porta_or.vhd
    Info (12022): Found design unit 1: porta_or-ori
    Info (12023): Found entity 1: porta_or
Info (12127): Elaborating entity "ULA" for the top level hierarchy
Warning (10541): VHDL Signal Declaration warning at ULA.vhd(15): used implicit default value for signal "Zero" because signal was never assigned a value or an explicit default value. Use of implicit default value may introduce unintended design optimizations.
Warning (10492): VHDL Process Statement warning at ULA.vhd(66): signal "saida_porta_and" is read inside the Process Statement but isn't in the Process Statement's sensitivity list
Warning (10492): VHDL Process Statement warning at ULA.vhd(68): signal "saida_porta_or" is read inside the Process Statement but isn't in the Process Statement's sensitivity list
Warning (10492): VHDL Process Statement warning at ULA.vhd(70): signal "saida_somador" is read inside the Process Statement but isn't in the Process Statement's sensitivity list
Warning (10492): VHDL Process Statement warning at ULA.vhd(72): signal "saida_subtrador" is read inside the Process Statement but isn't in the Process Statement's sensitivity list
Warning (10492): VHDL Process Statement warning at ULA.vhd(74): signal "A" is read inside the Process Statement but isn't in the Process Statement's sensitivity list
Warning (10492): VHDL Process Statement warning at ULA.vhd(74): signal "B" is read inside the Process Statement but isn't in the Process Statement's sensitivity list
Warning (10631): VHDL Process Statement warning at ULA.vhd(63): inferring latch(es) for signal or variable "saida_and", which holds its previous value in one or more paths through the process
Warning (10631): VHDL Process Statement warning at ULA.vhd(63): inferring latch(es) for signal or variable "saida_or", which holds its previous value in one or more paths through the process
Warning (10631): VHDL Process Statement warning at ULA.vhd(63): inferring latch(es) for signal or variable "saida_som", which holds its previous value in one or more paths through the process
Warning (10631): VHDL Process Statement warning at ULA.vhd(63): inferring latch(es) for signal or variable "saida_sub", which holds its previous value in one or more paths through the process
Warning (10631): VHDL Process Statement warning at ULA.vhd(63): inferring latch(es) for signal or variable "saida_solt", which holds its previous value in one or more paths through the process
Info (10041): Inferred latch for "saida_solt" at ULA.vhd(63)
Info (10041): Inferred latch for "saida_sub[0]" at ULA.vhd(63)
Info (10041): Inferred latch for "saida_sub[1]" at ULA.vhd(63)
Info (10041): Inferred latch for "saida_sub[2]" at ULA.vhd(63)
Info (10041): Inferred latch for "saida_sub[3]" at ULA.vhd(63)
Info (10041): Inferred latch for "saida_sub[4]" at ULA.vhd(63)
Info (10041): Inferred latch for "saida_sub[5]" at ULA.vhd(63)
Info (10041): Inferred latch for "saida_sub[6]" at ULA.vhd(63)
Info (10041): Inferred latch for "saida_sub[7]" at ULA.vhd(63)
Info (10041): Inferred latch for "saida_sub[8]" at ULA.vhd(63)
Info (10041): Inferred latch for "saida_sub[9]" at ULA.vhd(63)
Info (10041): Inferred latch for "saida_sub[10]" at ULA.vhd(63)
Info (10041): Inferred latch for "saida_sub[11]" at ULA.vhd(63)
Info (10041): Inferred latch for "saida_sub[12]" at ULA.vhd(63)
Info (10041): Inferred latch for "saida_sub[13]" at ULA.vhd(63)
Info (10041): Inferred latch for "saida_sub[14]" at ULA.vhd(63)
Info (10041): Inferred latch for "saida_sub[15]" at ULA.vhd(63)
Info (10041): Inferred latch for "saida_sub[16]" at ULA.vhd(63)
Info (10041): Inferred latch for "saida_sub[17]" at ULA.vhd(63)
Info (10041): Inferred latch for "saida_sub[18]" at ULA.vhd(63)
Info (10041): Inferred latch for "saida_sub[19]" at ULA.vhd(63)
Info (10041): Inferred latch for "saida_sub[20]" at ULA.vhd(63)
Info (10041): Inferred latch for "saida_sub[21]" at ULA.vhd(63)
Info (10041): Inferred latch for "saida_sub[22]" at ULA.vhd(63)
Info (10041): Inferred latch for "saida_sub[23]" at ULA.vhd(63)
Info (10041): Inferred latch for "saida_sub[24]" at ULA.vhd(63)
Info (10041): Inferred latch for "saida_sub[25]" at ULA.vhd(63)
Info (10041): Inferred latch for "saida_sub[26]" at ULA.vhd(63)
Info (10041): Inferred latch for "saida_sub[27]" at ULA.vhd(63)
Info (10041): Inferred latch for "saida_sub[28]" at ULA.vhd(63)
Info (10041): Inferred latch for "saida_sub[29]" at ULA.vhd(63)
Info (10041): Inferred latch for "saida_sub[30]" at ULA.vhd(63)
Info (10041): Inferred latch for "saida_sub[31]" at ULA.vhd(63)
Info (10041): Inferred latch for "saida_som[0]" at ULA.vhd(63)
Info (10041): Inferred latch for "saida_som[1]" at ULA.vhd(63)
Info (10041): Inferred latch for "saida_som[2]" at ULA.vhd(63)
Info (10041): Inferred latch for "saida_som[3]" at ULA.vhd(63)
Info (10041): Inferred latch for "saida_som[4]" at ULA.vhd(63)
Info (10041): Inferred latch for "saida_som[5]" at ULA.vhd(63)
Info (10041): Inferred latch for "saida_som[6]" at ULA.vhd(63)
Info (10041): Inferred latch for "saida_som[7]" at ULA.vhd(63)
Info (10041): Inferred latch for "saida_som[8]" at ULA.vhd(63)
Info (10041): Inferred latch for "saida_som[9]" at ULA.vhd(63)
Info (10041): Inferred latch for "saida_som[10]" at ULA.vhd(63)
Info (10041): Inferred latch for "saida_som[11]" at ULA.vhd(63)
Info (10041): Inferred latch for "saida_som[12]" at ULA.vhd(63)
Info (10041): Inferred latch for "saida_som[13]" at ULA.vhd(63)
Info (10041): Inferred latch for "saida_som[14]" at ULA.vhd(63)
Info (10041): Inferred latch for "saida_som[15]" at ULA.vhd(63)
Info (10041): Inferred latch for "saida_som[16]" at ULA.vhd(63)
Info (10041): Inferred latch for "saida_som[17]" at ULA.vhd(63)
Info (10041): Inferred latch for "saida_som[18]" at ULA.vhd(63)
Info (10041): Inferred latch for "saida_som[19]" at ULA.vhd(63)
Info (10041): Inferred latch for "saida_som[20]" at ULA.vhd(63)
Info (10041): Inferred latch for "saida_som[21]" at ULA.vhd(63)
Info (10041): Inferred latch for "saida_som[22]" at ULA.vhd(63)
Info (10041): Inferred latch for "saida_som[23]" at ULA.vhd(63)
Info (10041): Inferred latch for "saida_som[24]" at ULA.vhd(63)
Info (10041): Inferred latch for "saida_som[25]" at ULA.vhd(63)
Info (10041): Inferred latch for "saida_som[26]" at ULA.vhd(63)
Info (10041): Inferred latch for "saida_som[27]" at ULA.vhd(63)
Info (10041): Inferred latch for "saida_som[28]" at ULA.vhd(63)
Info (10041): Inferred latch for "saida_som[29]" at ULA.vhd(63)
Info (10041): Inferred latch for "saida_som[30]" at ULA.vhd(63)
Info (10041): Inferred latch for "saida_som[31]" at ULA.vhd(63)
Info (10041): Inferred latch for "saida_som[32]" at ULA.vhd(63)
Info (10041): Inferred latch for "saida_or" at ULA.vhd(63)
Info (10041): Inferred latch for "saida_and" at ULA.vhd(63)
Info (12128): Elaborating entity "somadornbits" for hierarchy "somadornbits:somador"
Warning (10873): Using initial value X (don't care) for net "s[32]" at somadornbits.vhd(9)
Warning (12125): Using design file somador1bit.vhd, which is not specified as a design file for the current project, but contains definitions for 2 design units and 1 entities in project
    Info (12022): Found design unit 1: somador1bit-comportamento
    Info (12023): Found entity 1: somador1bit
Info (12128): Elaborating entity "Somador1bit" for hierarchy "somadornbits:somador|Somador1bit:\scs:0:sc_internal:sc"
Warning (12125): Using design file subtratornbits.vhd, which is not specified as a design file for the current project, but contains definitions for 2 design units and 1 entities in project
    Info (12022): Found design unit 1: subtratornbits-rtl
    Info (12023): Found entity 1: subtratornbits
Info (12128): Elaborating entity "subtratornbits" for hierarchy "subtratornbits:subtrator"
Info (12128): Elaborating entity "porta_and" for hierarchy "porta_and:porta_andi"
Info (12128): Elaborating entity "porta_or" for hierarchy "porta_or:porta_ori"
Warning (13024): Output pins are stuck at VCC or GND
    Warning (13410): Pin "Zero" is stuck at GND
    Warning (13410): Pin "saida_som[32]" is stuck at GND
Info (286030): Timing-Driven Synthesis is running
Info (16010): Generating hard_block partition "hard_block:auto_generated_inst"
    Info (16011): Adding 0 node(s), including 0 DDIO, 0 PLL, 0 transceiver and 0 LCELL
Info (21057): Implemented 342 device resources after synthesis - the final resource count might be different
    Info (21058): Implemented 69 input pins
    Info (21059): Implemented 69 output pins
    Info (21061): Implemented 204 logic cells
Info: Quartus II 64-Bit Analysis & Synthesis was successful. 0 errors, 19 warnings
    Info: Peak virtual memory: 4669 megabytes
    Info: Processing ended: Thu Jun 20 19:44:31 2024
    Info: Elapsed time: 00:00:02
    Info: Total CPU time (on all processors): 00:00:01


